app/build/outputs/logs/manifest-merger-debug-report.txt
-- Merging decision tree log ---
manifest
ADDED from AndroidManifest.xml:1:1
	package
		ADDED from AndroidManifest.xml:2:2
		INJECTED from AndroidManifest.xml:0:0
		INJECTED from AndroidManifest.xml:0:0
	android:versionName
		ADDED from AndroidManifest.xml:3:33
	android:versionCode
		ADDED from AndroidManifest.xml:3:62
		INJECTED from AndroidManifest.xml:0:0
		INJECTED from AndroidManifest.xml:0:0
	xmlns:android
		ADDED from AndroidManifest.xml:1:11
	android:installLocation
		ADDED from AndroidManifest.xml:3:2
application
ADDED from AndroidManifest.xml:4:2
	android:label
		ADDED from AndroidManifest.xml:4:45
	android:icon
		ADDED from AndroidManifest.xml:4:15
	android:description
		ADDED from AndroidManifest.xml:5:30
	android:name
		ADDED from AndroidManifest.xml:5:3
activity#nl.spellenclubeindhoven.dominionshuffle.SelectActivity
ADDED from AndroidManifest.xml:6:3
	android:label
		ADDED from AndroidManifest.xml:6:13
	android:name
		ADDED from AndroidManifest.xml:6:46
intent-filter#android.intent.action.MAIN+android.intent.category.LAUNCHER
ADDED from AndroidManifest.xml:7:4
action#android.intent.action.MAIN
ADDED from AndroidManifest.xml:8:5
	android:name
		ADDED from AndroidManifest.xml:8:13
category#android.intent.category.LAUNCHER
ADDED from AndroidManifest.xml:9:5
	android:name
		ADDED from AndroidManifest.xml:9:15
activity#nl.spellenclubeindhoven.dominionshuffle.ReleaseNotesActivity
ADDED from AndroidManifest.xml:12:3
	android:name
		ADDED from AndroidManifest.xml:12:13
activity#nl.spellenclubeindhoven.dominionshuffle.ResultActivity
ADDED from AndroidManifest.xml:13:3
	android:label
		ADDED from AndroidManifest.xml:13:44
	android:name
		ADDED from AndroidManifest.xml:13:13
activity#nl.spellenclubeindhoven.dominionshuffle.ShowGroupActivity
ADDED from AndroidManifest.xml:14:3
	android:name
		ADDED from AndroidManifest.xml:14:13
activity#nl.spellenclubeindhoven.dominionshuffle.LoadSaveActivity
ADDED from AndroidManifest.xml:15:3
	android:name
		ADDED from AndroidManifest.xml:15:13
activity#nl.spellenclubeindhoven.dominionshuffle.LimitActivity
ADDED from AndroidManifest.xml:16:3
	android:label
		ADDED from AndroidManifest.xml:16:43
	android:name
		ADDED from AndroidManifest.xml:16:13
uses-sdk
ADDED from AndroidManifest.xml:18:2
	android:targetSdkVersion
		ADDED from AndroidManifest.xml:18:38
		INJECTED from AndroidManifest.xml:0:0
		INJECTED from AndroidManifest.xml:0:0
	android:minSdkVersion
		ADDED from AndroidManifest.xml:18:12
		INJECTED from AndroidManifest.xml:0:0
		INJECTED from AndroidManifest.xml:0:0
uses-permission#android.permission.WAKE_LOCK
ADDED from AndroidManifest.xml:19:2
	android:name
		ADDED from AndroidManifest.xml:19:19
supports-screens
ADDED from AndroidManifest.xml:20:2
	android:largeScreens
		ADDED from AndroidManifest.xml:20:20
	android:smallScreens
		ADDED from AndroidManifest.xml:20:101
	android:normalScreens
		ADDED from AndroidManifest.xml:20:129
	android:resizeable
		ADDED from AndroidManifest.xml:20:49
	android:anyDensity
		ADDED from AndroidManifest.xml:20:75
uses-feature#android.hardware.touchscreen
ADDED from AndroidManifest.xml:21:5
	android:required
		ADDED from AndroidManifest.xml:21:19
	android:name
		ADDED from AndroidManifest.xml:21:44